0	GET	http://localhost/	200	0.285587
1	HEAD	http://localhost/	405	0.033386
2	POST	http://localhost/vendor/phpunit/phpunit/src/Util/PHP/eval-stdin.php	404	0.032031
3	GET	http://localhost/	200	0.122558
4	HEAD	http://localhost/	405	0.011411
5	GET	http://localhost/	200	0.090364
6	HEAD	http://localhost/	405	0.004837
7	GET	http://localhost/	200	0.088126
8	HEAD	http://localhost/	405	0.012756
9	GET	http://localhost/	200	0.117627
10	HEAD	http://localhost/	405	0.003289
11	GET	http://localhost/	200	0.098547
12	HEAD	http://localhost/	405	0.003710
13	GET	http://localhost/	200	0.094580
14	HEAD	http://localhost/	405	0.003239
15	GET	http://localhost/thumbnail/b5ed7fac-8c68-471f-a7cd-2686cba77f0e/1-0	200	0.158750
16	GET	http://localhost/thumbnail/b5ed7fac-8c68-471f-a7cd-2686cba77f0e/4-1.jpeg	200	0.014494
17	GET	http://localhost/thumbnail/b5ed7fac-8c68-471f-a7cd-2686cba77f0e/2-0	200	0.025131
18	GET	http://localhost/thumbnail/b5ed7fac-8c68-471f-a7cd-2686cba77f0e/0-0.jpeg	200	0.013515
19	GET	http://localhost/thumbnail/b5ed7fac-8c68-471f-a7cd-2686cba77f0e/3-0.jpeg	200	0.013323
20	GET	http://localhost/thumbnail/b5ed7fac-8c68-471f-a7cd-2686cba77f0e/1-1	200	0.013665
21	GET	http://localhost/thumbnail/b5ed7fac-8c68-471f-a7cd-2686cba77f0e/4-0.jpeg	200	0.013595
22	GET	http://localhost/thumbnail/b5ed7fac-8c68-471f-a7cd-2686cba77f0e/3-1.jpeg	200	0.014468
23	GET	http://localhost/favicon.ico	404	0.018424
24	GET	http://localhost/paper/b5ed7fac-8c68-471f-a7cd-2686cba77f0e	404	0.072275
25	GET	http://localhost/thumbnail/b5ed7fac-8c68-471f-a7cd-2686cba77f0e/2-1.jpeg	200	0.033537
26	GET	http://localhost/thumbnail/b5ed7fac-8c68-471f-a7cd-2686cba77f0e/2-3.jpeg	200	0.021686
27	GET	http://localhost/thumbnail/b5ed7fac-8c68-471f-a7cd-2686cba77f0e/2-2.jpeg	200	0.017547
28	GET	http://localhost/thumbnail/b5ed7fac-8c68-471f-a7cd-2686cba77f0e/4-2	200	0.015191
29	GET	http://localhost/paper/7bd8bca4-0947-44dc-b166-7abf49a2bc80/download	404	0.033368
30	GET	http://localhost/paper/7bd8bca4-0947-44dc-b166-7abf49a2bc80/download	404	0.015093
31	GET	http://localhost/thumbnail/7bd8bca4-0947-44dc-b166-7abf49a2bc80/2-2	200	0.013669
32	GET	http://localhost/thumbnail/7bd8bca4-0947-44dc-b166-7abf49a2bc80/2-0	200	0.015695
33	GET	http://localhost/thumbnail/7bd8bca4-0947-44dc-b166-7abf49a2bc80/2-1	200	0.016863
34	GET	http://localhost/favicon.ico	404	0.004016
35	GET	http://localhost/paper/7bd8bca4-0947-44dc-b166-7abf49a2bc80	404	0.092831
36	GET	http://localhost/thumbnail/7bd8bca4-0947-44dc-b166-7abf49a2bc80/2-3	200	0.015653
37	GET	http://localhost/thumbnail/7bd8bca4-0947-44dc-b166-7abf49a2bc80/3-0	200	0.014397
38	GET	http://localhost/thumbnail/7bd8bca4-0947-44dc-b166-7abf49a2bc80/0-0	200	0.016190
39	GET	http://localhost/thumbnail/7bd8bca4-0947-44dc-b166-7abf49a2bc80/1-0	200	0.016500
40	GET	http://localhost/	200	0.096203
41	HEAD	http://localhost/	405	0.008912
42	GET	http://localhost/	200	0.083431
43	HEAD	http://localhost/	405	0.003536
44	GET	http://localhost/	200	0.082165
45	GET	http://localhost/	200	0.088416
46	HEAD	http://localhost/	405	0.003442
47	GET	http://localhost/thumbnail/5349eba5-9f98-438a-92b0-b609a88b2b8e/3-1	200	0.013891
48	GET	http://localhost/	200	0.077210
49	GET	http://localhost/author/32010106-9619-4706-9f04-f99141b695cc	404	0.084832
50	HEAD	http://localhost/	405	0.003250
51	GET	http://localhost/	200	0.092552
52	GET	http://localhost/	200	0.095382
53	HEAD	http://localhost/	405	0.004066
54	GET	http://localhost/favicon.ico	404	0.003442
55	GET	http://localhost/thumbnail/f7b46ddf-e070-41a0-91df-77f09593a8fb/3-1	200	0.017810
56	GET	http://localhost/thumbnail/f7b46ddf-e070-41a0-91df-77f09593a8fb/2-0	200	0.013254
57	GET	http://localhost/thumbnail/f7b46ddf-e070-41a0-91df-77f09593a8fb/4-1	200	0.017490
58	GET	http://localhost/thumbnail/f7b46ddf-e070-41a0-91df-77f09593a8fb/4-2	200	0.023755
59	GET	http://localhost/thumbnail/f7b46ddf-e070-41a0-91df-77f09593a8fb/1-1	200	0.013458
60	GET	http://localhost/thumbnail/f7b46ddf-e070-41a0-91df-77f09593a8fb/1-2	200	0.013355
61	GET	http://localhost/thumbnail/f7b46ddf-e070-41a0-91df-77f09593a8fb/3-2	200	0.013179
62	GET	http://localhost/thumbnail/f7b46ddf-e070-41a0-91df-77f09593a8fb/4-0	200	0.013487
63	GET	http://localhost/thumbnail/f7b46ddf-e070-41a0-91df-77f09593a8fb/1-0	200	0.018764
64	GET	http://localhost/thumbnail/f7b46ddf-e070-41a0-91df-77f09593a8fb/3-0	200	0.013188
65	GET	http://localhost/thumbnail/f7b46ddf-e070-41a0-91df-77f09593a8fb/3-3	200	0.013105
66	GET	http://localhost/paper/f7b46ddf-e070-41a0-91df-77f09593a8fb	404	0.030873
67	GET	http://localhost/thumbnail/138d7fde-5918-44aa-9c42-40596e174aac/3-0	200	0.019219
68	GET	http://localhost/thumbnail/138d7fde-5918-44aa-9c42-40596e174aac/4-2	200	0.014616
69	GET	http://localhost/thumbnail/138d7fde-5918-44aa-9c42-40596e174aac/2-0	200	0.020847
70	GET	http://localhost/thumbnail/138d7fde-5918-44aa-9c42-40596e174aac/4-1	200	0.014047
71	GET	http://localhost/thumbnail/138d7fde-5918-44aa-9c42-40596e174aac/5-0	200	0.013381
72	GET	http://localhost/thumbnail/138d7fde-5918-44aa-9c42-40596e174aac/1-0	200	0.013009
73	GET	http://localhost/thumbnail/138d7fde-5918-44aa-9c42-40596e174aac/2-1	200	0.013861
74	GET	http://localhost/thumbnail/138d7fde-5918-44aa-9c42-40596e174aac/3-1	200	0.013809
75	GET	http://localhost/thumbnail/138d7fde-5918-44aa-9c42-40596e174aac/4-0	200	0.028085
76	GET	http://localhost/paper/138d7fde-5918-44aa-9c42-40596e174aac	404	0.099306
77	GET	http://localhost/favicon.ico	404	0.004215
78	GET	http://localhost/	200	0.101685
79	GET	http://localhost/	200	0.100815
80	HEAD	http://localhost/	405	0.003656
81	GET	http://localhost/	200	0.089739
82	GET	http://localhost/favicon.ico	404	0.003471
83	HEAD	http://localhost/	405	0.003298
84	GET	http://localhost/	200	0.094577
85	HEAD	http://localhost/	405	0.003541
86	GET	http://localhost/	200	0.094019
87	HEAD	http://localhost/	405	0.003224
88	GET	http://localhost/	200	0.087479
89	HEAD	http://localhost/	405	0.003601
90	GET	http://localhost/	200	0.091951
91	GET	http://localhost/thumbnail/7bd8bca4-0947-44dc-b166-7abf49a2bc80/2-2	200	0.024888
92	GET	http://localhost/thumbnail/7bd8bca4-0947-44dc-b166-7abf49a2bc80/3-0	200	0.013706
93	GET	http://localhost/thumbnail/7bd8bca4-0947-44dc-b166-7abf49a2bc80/2-0	200	0.015429
94	GET	http://localhost/thumbnail/7bd8bca4-0947-44dc-b166-7abf49a2bc80/2-3	200	0.013428
95	GET	http://localhost/paper/7bd8bca4-0947-44dc-b166-7abf49a2bc80	404	0.047211
96	GET	http://localhost/thumbnail/7bd8bca4-0947-44dc-b166-7abf49a2bc80/1-0	200	0.014731
97	GET	http://localhost/thumbnail/7bd8bca4-0947-44dc-b166-7abf49a2bc80/2-1	200	0.013470
98	GET	http://localhost/thumbnail/7bd8bca4-0947-44dc-b166-7abf49a2bc80/0-0	200	0.014028
99	GET	http://localhost/paper/a60e7fd9-d5c6-45c3-968e-c8346203e8d7	404	0.032602
100	GET	http://localhost/paper/a60e7fd9-d5c6-45c3-968e-c8346203e8d7	404	0.025826
101	GET	http://localhost/	200	0.099704
102	HEAD	http://localhost/	405	0.003477
103	GET	http://localhost/	200	0.094754
104	HEAD	http://localhost/	405	0.003557
105	GET	http://localhost/owa/auth/x.js	404	0.003478
106	GET	http://localhost/	200	0.102860
107	HEAD	http://localhost/	405	0.008538
108	GET	http://localhost/ecp/Current/exporttool/microsoft.exchange.ediscovery.exporttool.application	404	0.005673
109	GET	http://localhost/	200	0.104473
110	GET	http://localhost/paper/7bd8bca4-0947-44dc-b166-7abf49a2bc80/download	404	0.017354
111	HEAD	http://localhost/	405	0.003517
112	GET	http://localhost/paper/7bd8bca4-0947-44dc-b166-7abf49a2bc80	404	0.028001
113	GET	http://localhost/thumbnail/7bd8bca4-0947-44dc-b166-7abf49a2bc80/2-2	200	0.014309
114	GET	http://localhost/thumbnail/7bd8bca4-0947-44dc-b166-7abf49a2bc80/0-0	200	0.013753
115	GET	http://localhost/thumbnail/7bd8bca4-0947-44dc-b166-7abf49a2bc80/3-0	200	0.015590
116	GET	http://localhost/thumbnail/7bd8bca4-0947-44dc-b166-7abf49a2bc80/2-3	200	0.014102
117	GET	http://localhost/thumbnail/7bd8bca4-0947-44dc-b166-7abf49a2bc80/1-0	200	0.013204
118	GET	http://localhost/thumbnail/7bd8bca4-0947-44dc-b166-7abf49a2bc80/2-1	200	0.013470
119	GET	http://localhost/thumbnail/7bd8bca4-0947-44dc-b166-7abf49a2bc80/2-0	200	0.013244
120	GET	http://localhost/favicon.ico	404	0.003700
121	GET	http://localhost/paper/a60e7fd9-d5c6-45c3-968e-c8346203e8d7	404	0.032290
122	GET	http://localhost/	200	0.101263
123	HEAD	http://localhost/	405	0.003513
124	GET	http://localhost/	200	0.091928
125	HEAD	http://localhost/	405	0.003343
126	GET	http://localhost/	200	0.098854
127	GET	http://localhost/	200	0.095295
128	GET	http://localhost/	200	0.087396
129	HEAD	http://localhost/	405	0.003541
130	GET	http://localhost/	200	0.098186
131	HEAD	http://localhost/	405	0.022423
132	GET	http://localhost/	200	0.099340
133	HEAD	http://localhost/	405	0.004515
134	GET	http://localhost/	200	0.081834
135	GET	http://localhost/	200	0.093831
136	HEAD	http://localhost/	405	0.003648
137	GET	http://localhost/robots.txt	404	0.004026
138	GET	http://localhost/thumbnail/d486c4e2-d6af-4771-902c-23691549e21f/2-1	200	0.013922
139	GET	http://localhost/thumbnail/ccd660c4-604e-4731-bfb5-40b867f2d5e9/1-0.jpeg	200	0.022028
140	GET	http://localhost/thumbnail/ccd660c4-604e-4731-bfb5-40b867f2d5e9/1-1.jpeg	200	0.013107
141	GET	http://localhost/thumbnail/ccd660c4-604e-4731-bfb5-40b867f2d5e9/6-0.jpeg	200	0.014067
142	GET	http://localhost/thumbnail/ccd660c4-604e-4731-bfb5-40b867f2d5e9/6-1	200	0.015247
143	GET	http://localhost/thumbnail/ccd660c4-604e-4731-bfb5-40b867f2d5e9/3-0.jpeg	200	0.015108
144	GET	http://localhost/thumbnail/ccd660c4-604e-4731-bfb5-40b867f2d5e9/3-1.jpeg	200	0.012818
145	GET	http://localhost/paper/ccd660c4-604e-4731-bfb5-40b867f2d5e9	404	0.023748
146	GET	http://localhost/thumbnail/ccd660c4-604e-4731-bfb5-40b867f2d5e9/5-0.jpeg	200	0.021854
147	GET	http://localhost/thumbnail/ccd660c4-604e-4731-bfb5-40b867f2d5e9/4-0.jpeg	200	0.015006
148	GET	http://localhost/thumbnail/ccd660c4-604e-4731-bfb5-40b867f2d5e9/5-1.jpeg	200	0.022143
149	GET	http://localhost/apple-touch-icon-120x120-precomposed.png	404	0.004964
150	GET	http://localhost/apple-touch-icon.png	404	0.005720
151	GET	http://localhost/apple-touch-icon-120x120.png	404	0.011086
152	GET	http://localhost/	200	0.097127
153	GET	http://localhost/apple-touch-icon-precomposed.png	404	0.003418
154	GET	http://localhost/	200	0.085288
155	HEAD	http://localhost/	405	0.003493
156	GET	http://localhost/	200	0.076362
157	HEAD	http://localhost/	405	0.003354
158	GET	http://localhost/login	404	0.003514
159	GET	http://localhost/	200	0.079293
160	HEAD	http://localhost/	405	0.003890
161	GET	http://localhost/	200	0.105356
162	GET	http://localhost/	200	0.086744
163	HEAD	http://localhost/	405	0.003593
164	GET	http://localhost/	200	0.082994
165	HEAD	http://localhost/	405	0.004547
166	GET	http://localhost/robots.txt	404	0.003402
167	GET	http://localhost/author/0ec157fb-cb50-4255-b276-e50b732ac8bf	404	0.033195
168	GET	http://localhost/ReportServer	404	0.007247
169	GET	http://localhost/	200	0.104509
170	HEAD	http://localhost/	405	0.003655
171	GET	http://localhost/	200	0.094321
172	HEAD	http://localhost/	405	0.003398
173	GET	http://localhost/	200	0.085911
174	HEAD	http://localhost/	405	0.003601
175	GET	http://localhost/	200	0.087738
176	HEAD	http://localhost/	405	0.003380
177	GET	http://localhost/	200	0.090423
178	HEAD	http://localhost/	405	0.003680
179	GET	http://localhost/	200	0.101759
180	HEAD	http://localhost/	405	0.003817
181	GET	http://localhost/author/49a47658-fcc6-490f-8fc9-4c62f8650dca	404	0.028510
182	GET	http://localhost/robots.txt	404	0.003875
183	GET	http://localhost/	200	0.081054
184	HEAD	http://localhost/	405	0.003669
185	GET	http://localhost/	200	0.094954
186	HEAD	http://localhost/	405	0.004910
187	GET	http://localhost/	200	0.096256
188	HEAD	http://localhost/	405	0.003234
189	GET	http://localhost/	200	0.095945
190	HEAD	http://localhost/	405	0.003299
191	GET	http://localhost/	200	0.091383
192	HEAD	http://localhost/	405	0.004178
193	GET	http://localhost/	200	0.083701
194	HEAD	http://localhost/	405	0.003611
195	GET	http://localhost/	200	0.085065
196	HEAD	http://localhost/	405	0.003615
197	GET	http://localhost/	200	0.084344
198	GET	http://localhost/robots.txt	404	0.003757
199	GET	http://localhost/	200	0.079458
200	GET	http://localhost/	200	0.085257
201	HEAD	http://localhost/	405	0.004563
202	GET	http://localhost/	200	0.080270
203	GET	http://localhost/favicon.ico	404	0.003800
204	GET	http://localhost/paper/20435e6a-3ddc-43e1-9ac6-61d6e44aee54/download	404	0.014026
205	HEAD	http://localhost/	405	0.003264
206	GET	http://localhost/	200	0.091766
207	HEAD	http://localhost/	405	0.004880
208	GET	http://localhost/	200	0.092413
209	HEAD	http://localhost/	405	0.003317
210	GET	http://localhost/favicon.ico	404	0.003445
211	GET	http://localhost/paper/17222e9c-c65b-43ce-b2c2-210212e53ddf/download	404	0.013936
212	GET	http://localhost/	200	0.091283
213	HEAD	http://localhost/	405	0.003517
214	GET	http://localhost/	200	0.116536
215	HEAD	http://localhost/	405	0.003323
216	GET	http://localhost/	200	0.085256
217	HEAD	http://localhost/	405	0.003684
218	GET	http://localhost/favicon.ico	404	0.003774
219	GET	http://localhost/paper/7a263132-09f8-4eb1-b257-b00142335352/download	404	0.013598
220	GET	http://localhost/	200	0.101580
221	HEAD	http://localhost/	405	0.003290
222	GET	http://localhost/	200	0.081699
223	HEAD	http://localhost/	405	0.003275
224	GET	http://localhost/	200	0.091826
225	HEAD	http://localhost/	405	0.003669
226	GET	http://localhost/	200	0.095012
227	HEAD	http://localhost/	405	0.003556
228	GET	http://localhost/	200	0.090278
229	HEAD	http://localhost/	405	0.003317
230	GET	http://localhost/owa/auth/logon.aspx?url=https%3a%2f%2f1%2fecp%2f	404	0.003416
231	GET	http://localhost/	200	0.093664
232	HEAD	http://localhost/	405	0.003494
233	GET	http://localhost/	200	0.083091
234	HEAD	http://localhost/	405	0.003428
235	GET	http://localhost/	200	0.080243
236	HEAD	http://localhost/	405	0.003444
237	GET	http://localhost/	200	0.089480
238	HEAD	http://localhost/	405	0.003374
239	GET	http://localhost/	200	0.135581
240	HEAD	http://localhost/	405	0.003795
241	GET	http://localhost/	200	0.104670
242	HEAD	http://localhost/	405	0.005815
243	GET	http://localhost/sitemap.txt	404	0.005270
244	GET	http://localhost/sitemap	404	0.003621
245	GET	http://localhost/robots.txt	404	0.003652
246	GET	http://localhost/paper/82fc1627-ed41-44f4-a6dd-d31c1ef2a207	404	0.034819
247	GET	http://localhost/robots.txt	404	0.003353
248	GET	http://localhost/	200	0.090919
249	HEAD	http://localhost/	405	0.003709
250	GET	http://localhost/	200	0.074783
251	HEAD	http://localhost/	405	0.003501
252	GET	http://localhost/	200	0.073329
253	HEAD	http://localhost/	405	0.003376
254	GET	http://localhost/	200	0.080859
255	HEAD	http://localhost/	405	0.003971
256	GET	http://localhost/	200	0.088941
257	HEAD	http://localhost/	405	0.004716
258	GET	http://localhost/	200	0.080479
259	HEAD	http://localhost/	405	0.003455
260	GET	http://localhost/	200	0.083005
261	HEAD	http://localhost/	405	0.003283
262	GET	http://localhost/	200	0.074567
263	HEAD	http://localhost/	405	0.003383
264	GET	http://localhost/	200	0.076288
265	HEAD	http://localhost/	405	0.003799
266	GET	http://localhost/	200	0.088142
267	HEAD	http://localhost/	405	0.003402
268	GET	http://localhost/	200	0.081821
269	GET	http://localhost/	200	0.099054
270	HEAD	http://localhost/	405	0.009056
271	GET	http://localhost/	200	0.101424
272	HEAD	http://localhost/	405	0.003683
273	GET	http://localhost/	200	0.092827
274	HEAD	http://localhost/	405	0.003283
275	GET	http://localhost/	200	0.085880
276	HEAD	http://localhost/	405	0.003475
277	GET	http://localhost/	200	0.084662
278	HEAD	http://localhost/	405	0.003651
279	GET	http://localhost/favicon.ico	404	0.003559
280	GET	http://localhost/paper/a4a8e46a-243e-4861-b573-e24da415e079/download	404	0.016398
281	GET	http://localhost/	200	0.100789
282	HEAD	http://localhost/	405	0.003357
283	GET	http://localhost/	200	0.080094
284	HEAD	http://localhost/	405	0.003453
285	GET	http://localhost/	200	0.085452
286	HEAD	http://localhost/	405	0.003405
287	GET	http://localhost/	200	0.100307
288	HEAD	http://localhost/	405	0.003453
289	GET	http://localhost/	200	0.100057
290	HEAD	http://localhost/	405	0.003753
291	GET	http://localhost/	200	0.101678
292	HEAD	http://localhost/	405	0.003293
293	GET	http://localhost/	200	0.084074
294	HEAD	http://localhost/	405	0.003421
295	GET	http://localhost/	200	0.087933
296	HEAD	http://localhost/	405	0.003452
297	GET	http://localhost/	200	0.091498
298	HEAD	http://localhost/	405	0.006824
299	GET	http://localhost/	200	0.088698
300	HEAD	http://localhost/	405	0.003519
301	GET	http://localhost/	200	0.083701
302	HEAD	http://localhost/	405	0.003384
303	GET	http://localhost/	200	0.113442
304	HEAD	http://localhost/	405	0.005069
305	GET	http://localhost/	200	0.091127
306	GET	http://localhost/	200	0.075988
307	HEAD	http://localhost/	405	0.003526
308	GET	http://localhost/	200	0.080125
309	HEAD	http://localhost/	405	0.004053
310	GET	http://localhost/	200	0.091000
311	HEAD	http://localhost/	405	0.003275
312	GET	http://localhost/	200	0.080004
313	HEAD	http://localhost/	405	0.008666
314	GET	http://localhost/	200	0.088503
315	HEAD	http://localhost/	405	0.007515
316	GET	http://localhost/	200	0.102952
317	HEAD	http://localhost/	405	0.003420
318	GET	http://localhost/	200	0.102354
319	HEAD	http://localhost/	405	0.003345
320	GET	http://localhost/	200	0.102248
321	HEAD	http://localhost/	405	0.003421
322	GET	http://localhost/	200	0.096912
323	HEAD	http://localhost/	405	0.003479
324	GET	http://localhost/	200	0.090657
325	HEAD	http://localhost/	405	0.003536
326	GET	http://localhost/	200	0.099497
327	HEAD	http://localhost/	405	0.004354
328	GET	http://localhost/	200	0.089787
329	GET	http://localhost/	200	0.096896
330	HEAD	http://localhost/	405	0.005062
331	GET	http://localhost/	200	0.101065
332	HEAD	http://localhost/	405	0.003854
333	GET	http://localhost/	200	0.078285
334	HEAD	http://localhost/	405	0.003520
335	GET	http://localhost/	200	0.086270
336	HEAD	http://localhost/	405	0.003308
337	GET	http://localhost/	200	0.080749
338	HEAD	http://localhost/	405	0.003495
339	GET	http://localhost/	200	0.090100
340	HEAD	http://localhost/	405	0.005220
341	GET	http://localhost/.env	404	0.004088
342	GET	http://localhost/	200	0.101966
343	HEAD	http://localhost/	405	0.003878
344	GET	http://localhost/	200	0.086806
345	HEAD	http://localhost/	405	0.003571
346	GET	http://localhost/	200	0.097868
347	HEAD	http://localhost/	405	0.015111
348	GET	http://localhost/	200	0.090124
349	HEAD	http://localhost/	405	0.003511
350	GET	http://localhost/	200	0.082881
351	HEAD	http://localhost/	405	0.003477
352	GET	http://localhost/robots.txt	404	0.003462
353	GET	http://localhost/	200	0.094462
354	HEAD	http://localhost/	405	0.003619
355	GET	http://localhost/	200	0.090994
356	HEAD	http://localhost/	405	0.003404
357	GET	http://localhost/	200	0.100860
358	HEAD	http://localhost/	405	0.003511
359	GET	http://localhost/	200	0.089626
360	HEAD	http://localhost/	405	0.003612
361	GET	http://localhost/tmui/login.jsp	404	0.005143
362	GET	http://localhost/	200	0.082564
363	HEAD	http://localhost/	405	0.007205
364	GET	http://localhost/	200	0.088317
365	HEAD	http://localhost/	405	0.003400
366	GET	http://localhost/	200	0.085471
367	HEAD	http://localhost/	405	0.003155
368	GET	http://localhost/	200	0.081499
369	HEAD	http://localhost/	405	0.003481
370	GET	http://localhost/	200	0.080356
371	HEAD	http://localhost/	405	0.003774
372	GET	http://localhost/	200	0.080931
373	HEAD	http://localhost/	405	0.005442
374	GET	http://localhost/	200	0.075911
375	HEAD	http://localhost/	405	0.003697
376	GET	http://localhost/	200	0.118662
377	HEAD	http://localhost/	405	0.003435
378	GET	http://localhost/	200	0.077867
379	HEAD	http://localhost/	405	0.003580
380	GET	http://localhost/	200	0.102195
381	HEAD	http://localhost/	405	0.003503
382	GET	http://localhost/	200	0.091814
383	HEAD	http://localhost/	405	0.003458
384	GET	http://localhost/	200	0.080285
385	HEAD	http://localhost/	405	0.003429
386	GET	http://localhost/	200	0.087943
387	HEAD	http://localhost/	405	0.007311
388	GET	http://localhost/	200	0.089030
389	HEAD	http://localhost/	405	0.003547
390	GET	http://localhost/	200	0.082529
391	HEAD	http://localhost/	405	0.020551
392	GET	http://localhost/	200	0.091660
393	HEAD	http://localhost/	405	0.003222
394	GET	http://localhost/thumbnail/db188986-8281-4fac-b005-19f183d0627e/4-0	200	0.014698
395	GET	http://localhost/	200	0.075429
396	HEAD	http://localhost/	405	0.003629
397	GET	http://localhost/	200	0.110098
398	HEAD	http://localhost/	405	0.003767
399	GET	http://localhost/	200	0.074672
400	HEAD	http://localhost/	405	0.010912
401	GET	http://localhost/	200	0.083904
402	HEAD	http://localhost/	405	0.003853
403	GET	http://localhost/	200	0.080240
404	HEAD	http://localhost/	405	0.005968
405	GET	http://localhost/	200	0.085515
406	HEAD	http://localhost/	405	0.003440
407	GET	http://localhost/	200	0.098939
408	HEAD	http://localhost/	405	0.003385
409	GET	http://localhost/	200	0.087216
410	GET	http://localhost/	200	0.076391
411	HEAD	http://localhost/	405	0.003673
412	GET	http://localhost/thumbnail/17222e9c-c65b-43ce-b2c2-210212e53ddf/1-0.jpeg	200	0.013789
413	GET	http://localhost/	200	0.085052
414	HEAD	http://localhost/	405	0.003436
415	GET	http://localhost/	200	0.091570
416	HEAD	http://localhost/	405	0.011802
417	GET	http://localhost/	200	0.085855
418	HEAD	http://localhost/	405	0.003810
419	GET	http://localhost/	200	0.091024
420	HEAD	http://localhost/	405	0.003326
421	GET	http://localhost/	200	0.093390
422	HEAD	http://localhost/	405	0.003572
423	GET	http://localhost/	200	0.075373
424	HEAD	http://localhost/	405	0.003575
425	GET	http://localhost/	200	0.083246
426	GET	http://localhost/	200	0.077318
427	HEAD	http://localhost/	405	0.003682
428	GET	http://localhost/	200	0.085920
429	HEAD	http://localhost/	405	0.003427
430	GET	http://localhost/	200	0.106904
431	HEAD	http://localhost/	405	0.003428
432	GET	http://localhost/thumbnail/f7c9d360-dd73-4a0c-933b-bc712d4c8343/3-1	200	0.014106
433	GET	http://localhost/	200	0.077233
434	HEAD	http://localhost/	405	0.003790
435	GET	http://localhost/	200	0.081159
436	HEAD	http://localhost/	405	0.003668
437	GET	http://localhost/	200	0.088517
438	HEAD	http://localhost/	405	0.003731
439	GET	http://localhost/	200	0.092583
440	HEAD	http://localhost/	405	0.005121
441	GET	http://localhost/	200	0.080669
442	HEAD	http://localhost/	405	0.003576
443	GET	http://localhost/	200	0.093891
444	HEAD	http://localhost/	405	0.006062
445	GET	http://localhost/	200	0.078152
446	HEAD	http://localhost/	405	0.003471
447	GET	http://localhost/	200	0.099627
448	HEAD	http://localhost/	405	0.006939
449	GET	http://localhost/thumbnail/d486c4e2-d6af-4771-902c-23691549e21f/4-1	200	0.014519
450	GET	http://localhost/	200	0.076878
451	HEAD	http://localhost/	405	0.003745
452	GET	http://localhost/	200	0.094655
453	GET	http://localhost/	200	0.095180
454	HEAD	http://localhost/	405	0.004710
455	GET	http://localhost/	200	0.093347
456	GET	http://localhost/	200	0.098598
457	HEAD	http://localhost/	405	0.004986
458	GET	http://localhost/	200	0.112985
459	HEAD	http://localhost/	405	0.003440
460	GET	http://localhost/paper/f7677f95-6b9f-457a-9202-c41bff7e5370	404	0.026991
461	GET	http://localhost/	200	0.098077
462	HEAD	http://localhost/	405	0.003574
463	GET	http://localhost/	200	0.096926
464	GET	http://localhost/	200	0.097107
465	HEAD	http://localhost/	405	0.022612
466	GET	http://localhost/_ignition/execute-solution	404	0.003490
467	GET	http://localhost/	200	0.094222
468	HEAD	http://localhost/	405	0.005796
469	GET	http://localhost/	200	0.096683
470	HEAD	http://localhost/	405	0.003563
471	GET	http://localhost/	200	0.107893
472	HEAD	http://localhost/	405	0.006795
473	GET	http://localhost/	200	0.088370
474	HEAD	http://localhost/	405	0.003490
475	GET	http://localhost/	200	0.091948
476	HEAD	http://localhost/	405	0.005963
477	GET	http://localhost/	200	0.079443
478	HEAD	http://localhost/	405	0.004126
479	GET	http://localhost/	200	0.085740
480	GET	http://localhost/	200	0.092397
481	HEAD	http://localhost/	405	0.003517
482	GET	http://localhost/	200	0.086716
483	HEAD	http://localhost/	405	0.003542
484	POST	http://localhost/Autodiscover/Autodiscover.xml	404	0.004728
485	GET	http://localhost/	200	0.088087
486	HEAD	http://localhost/	405	0.003666
487	GET	http://localhost/	200	0.112308
488	HEAD	http://localhost/	405	0.003765
489	GET	http://localhost/	200	0.081766
490	HEAD	http://localhost/	405	0.005475
491	GET	http://localhost/	200	0.094161
492	HEAD	http://localhost/	405	0.005958
493	GET	http://localhost/	200	0.076655
494	HEAD	http://localhost/	405	0.003477
495	GET	http://localhost/	200	0.084754
496	GET	http://localhost/paper/06f55c51-fe7d-4729-a26b-f3af19aa6645	404	0.022866
497	HEAD	http://localhost/	405	0.003392
498	GET	http://localhost/	200	0.087079
499	HEAD	http://localhost/	405	0.003713
500	GET	http://localhost/	200	0.079647
501	HEAD	http://localhost/	405	0.005453
502	GET	http://localhost/	200	0.108458
503	HEAD	http://localhost/	405	0.005398
504	GET	http://localhost/	200	0.089846
505	HEAD	http://localhost/	405	0.003593
506	GET	http://localhost/	200	0.099523
507	HEAD	http://localhost/	405	0.014585
508	GET	http://localhost/paper/115617bd-1326-4a95-80f2-cc6d87a97e36/download	404	0.014355
509	GET	http://localhost/robots.txt	404	0.005141
510	GET	http://localhost/	200	0.101673
511	GET	http://localhost/	200	0.099750
512	HEAD	http://localhost/	405	0.003947
513	GET	http://localhost/	200	0.093842
514	GET	http://localhost/	200	0.089224
515	GET	http://localhost/console/	404	0.003372
516	HEAD	http://localhost/	405	0.003380
517	GET	http://localhost/	200	0.105645
518	HEAD	http://localhost/	405	0.003522
519	GET	http://localhost/	200	0.079816
520	HEAD	http://localhost/	405	0.004375
521	GET	http://localhost/	200	0.089951
522	HEAD	http://localhost/	405	0.007018
523	GET	http://localhost/	200	0.082370
524	HEAD	http://localhost/	405	0.007771
525	GET	http://localhost/	200	0.088544
526	HEAD	http://localhost/	405	0.003641
527	GET	http://localhost/	200	0.083475
528	HEAD	http://localhost/	405	0.003383
529	GET	http://localhost/	200	0.079688
530	HEAD	http://localhost/	405	0.003639
531	GET	http://localhost/	200	0.143386
532	GET	http://localhost/	200	0.095191
533	HEAD	http://localhost/	405	0.003799
534	GET	http://localhost/	200	0.087933
535	HEAD	http://localhost/	405	0.003774
536	GET	http://localhost/	200	0.108019
537	HEAD	http://localhost/	405	0.004252
538	GET	http://localhost/	200	0.090827
539	HEAD	http://localhost/	405	0.005702
540	GET	http://localhost/	200	0.099129
541	HEAD	http://localhost/	405	0.003478
542	GET	http://localhost/	200	0.108467
543	HEAD	http://localhost/	405	0.004113
544	POST	http://localhost/mifs/.;/services/LogService	404	0.004368
545	GET	http://localhost/	200	0.099922
546	HEAD	http://localhost/	405	0.003397
547	GET	http://localhost/	200	0.094405
548	HEAD	http://localhost/	405	0.003308
549	GET	http://localhost/	200	0.085764
550	HEAD	http://localhost/	405	0.004038
551	GET	http://localhost/	200	0.084934
552	HEAD	http://localhost/	405	0.004952
553	GET	http://localhost/	200	0.083475
554	HEAD	http://localhost/	405	0.003458
555	GET	http://localhost/?XDEBUG_SESSION_START=phpstorm	200	0.093747
556	GET	http://localhost/	200	0.086027
557	HEAD	http://localhost/	405	0.003912
558	GET	http://localhost/	200	0.118923
559	HEAD	http://localhost/	405	0.003459
560	GET	http://localhost/	200	0.089596
561	HEAD	http://localhost/	405	0.003511
562	GET	http://localhost/	200	0.084100
563	HEAD	http://localhost/	405	0.003263
564	GET	http://localhost/	200	0.086281
565	GET	http://localhost/	200	0.092705
566	HEAD	http://localhost/	405	0.003394
567	GET	http://localhost/	200	0.105270
568	HEAD	http://localhost/	405	0.003433
569	GET	http://localhost/	200	0.101291
570	HEAD	http://localhost/	405	0.003689
571	GET	http://localhost/	200	0.115104
572	HEAD	http://localhost/	405	0.003390
573	GET	http://localhost/	200	0.091996
574	HEAD	http://localhost/	405	0.003504
575	GET	http://localhost/	200	0.092715
576	HEAD	http://localhost/	405	0.003307
577	GET	http://localhost/	200	0.091089
578	HEAD	http://localhost/	405	0.003396
579	GET	http://localhost/	200	0.082238
580	HEAD	http://localhost/	405	0.003413
581	GET	http://localhost/paper/024bbf70-8c6e-463c-9ec1-5f6421996006	404	0.023875
582	GET	http://localhost/	200	0.081748
583	HEAD	http://localhost/	405	0.008180
584	GET	http://localhost/	200	0.084042
585	HEAD	http://localhost/	405	0.004965
586	GET	http://localhost/paper/50324d6a-9176-4a87-92ae-9b288c1879b3	404	0.026767
587	GET	http://localhost/	200	0.085013
588	HEAD	http://localhost/	405	0.003930
589	GET	http://localhost/	200	0.089470
590	HEAD	http://localhost/	405	0.024586
591	GET	http://localhost/	200	0.087879
592	HEAD	http://localhost/	405	0.003437
593	GET	http://localhost/index.php?s=/Index/thinkapp/invokefunction&function=call_user_func_array&vars[0]=md5&vars[1][]=HelloThinkPHP21	404	0.005179
594	GET	http://localhost/	200	0.085485
595	HEAD	http://localhost/	405	0.004364
596	GET	http://localhost/	200	0.086316
597	HEAD	http://localhost/	405	0.003487
598	GET	http://localhost/	200	0.096910
599	HEAD	http://localhost/	405	0.003484
600	GET	http://localhost/	200	0.107246
601	GET	http://localhost/	200	0.080987
602	GET	http://localhost/	200	0.094065
603	HEAD	http://localhost/	405	0.026393
604	GET	http://localhost/	200	0.084398
605	HEAD	http://localhost/	405	0.003524
606	GET	http://localhost/favicon.ico	404	0.007014
607	GET	http://localhost/paper/4d0a1a3a-0faf-4099-8d65-76850040d258/download	404	0.016196
608	GET	http://localhost/	200	0.094015
609	HEAD	http://localhost/	405	0.003332
610	GET	http://localhost/	200	0.091685
611	HEAD	http://localhost/	405	0.003706
612	GET	http://localhost/	200	0.080003
613	HEAD	http://localhost/	405	0.003656
614	GET	http://localhost/	200	0.084790
615	HEAD	http://localhost/	405	0.003953
616	GET	http://localhost/vendor/phpunit/phpunit/src/Util/PHP/eval-stdin.php	404	0.003519
617	GET	http://localhost/	200	0.086405
618	HEAD	http://localhost/	405	0.010003
619	GET	http://localhost/	200	0.085645
620	HEAD	http://localhost/	405	0.004078
621	GET	http://localhost/	200	0.079223
622	HEAD	http://localhost/	405	0.003910
623	GET	http://localhost/	200	0.086810
624	HEAD	http://localhost/	405	0.003451
625	GET	http://localhost/	200	0.091656
626	HEAD	http://localhost/	405	0.003263
627	GET	http://localhost/	200	0.086790
628	HEAD	http://localhost/	405	0.003370
629	GET	http://localhost/thumbnail/e12c934e-471a-4135-988d-99a4eab0a684/3-5	200	0.023442
630	GET	http://localhost/	200	0.098200
631	HEAD	http://localhost/	405	0.003367
632	GET	http://localhost/	200	0.078669
633	HEAD	http://localhost/	405	0.005343
634	GET	http://localhost/paper/f2e4069a-2460-4ff7-8301-3b3860a77300/download	404	0.021483
635	GET	http://localhost/thumbnail/f2e4069a-2460-4ff7-8301-3b3860a77300/3-1	200	0.015377
636	GET	http://localhost/thumbnail/f2e4069a-2460-4ff7-8301-3b3860a77300/0-0	200	0.016102
637	GET	http://localhost/thumbnail/f2e4069a-2460-4ff7-8301-3b3860a77300/2-0	200	0.012686
638	GET	http://localhost/thumbnail/f2e4069a-2460-4ff7-8301-3b3860a77300/2-1	200	0.013611
639	GET	http://localhost/thumbnail/f2e4069a-2460-4ff7-8301-3b3860a77300/3-3	200	0.013186
640	GET	http://localhost/thumbnail/f2e4069a-2460-4ff7-8301-3b3860a77300/5-2	200	0.013048
641	GET	http://localhost/thumbnail/f2e4069a-2460-4ff7-8301-3b3860a77300/6-0	200	0.013383
642	GET	http://localhost/thumbnail/f2e4069a-2460-4ff7-8301-3b3860a77300/4-1	200	0.012914
643	GET	http://localhost/paper/f2e4069a-2460-4ff7-8301-3b3860a77300	404	0.028894
644	GET	http://localhost/thumbnail/f2e4069a-2460-4ff7-8301-3b3860a77300/1-1	200	0.013850
645	GET	http://localhost/thumbnail/f2e4069a-2460-4ff7-8301-3b3860a77300/2-2	200	0.014553
646	GET	http://localhost/thumbnail/f2e4069a-2460-4ff7-8301-3b3860a77300/3-0	200	0.013775
647	GET	http://localhost/thumbnail/f2e4069a-2460-4ff7-8301-3b3860a77300/3-2	200	0.013558
648	GET	http://localhost/thumbnail/f2e4069a-2460-4ff7-8301-3b3860a77300/6-3	200	0.013822
649	GET	http://localhost/thumbnail/f2e4069a-2460-4ff7-8301-3b3860a77300/6-4	200	0.013740
650	GET	http://localhost/thumbnail/f2e4069a-2460-4ff7-8301-3b3860a77300/4-2	200	0.013799
651	GET	http://localhost/thumbnail/f2e4069a-2460-4ff7-8301-3b3860a77300/5-0	200	0.014093
652	GET	http://localhost/thumbnail/f2e4069a-2460-4ff7-8301-3b3860a77300/1-0	200	0.013238
653	GET	http://localhost/thumbnail/f2e4069a-2460-4ff7-8301-3b3860a77300/4-0	200	0.019485
654	GET	http://localhost/thumbnail/f2e4069a-2460-4ff7-8301-3b3860a77300/5-1	200	0.017424
655	GET	http://localhost/thumbnail/f2e4069a-2460-4ff7-8301-3b3860a77300/6-2	200	0.014385
656	GET	http://localhost/thumbnail/f2e4069a-2460-4ff7-8301-3b3860a77300/6-1	200	0.013377
657	GET	http://localhost/thumbnail/f2e4069a-2460-4ff7-8301-3b3860a77300/7-0	200	0.013322
658	GET	http://localhost/?keyword=%E7%94%B0%E4%B8%AD%E9%A2%A8%E5%8A%A9	500	0.110297
659	GET	http://localhost/paper/a60e7fd9-d5c6-45c3-968e-c8346203e8d7	404	0.028857
660	GET	http://localhost/paper/5d4ff5af-a57f-4478-b83a-5f33ecaf5b53/download	404	0.014663
661	GET	http://localhost/paper/5d4ff5af-a57f-4478-b83a-5f33ecaf5b53	404	0.031521
662	GET	http://localhost/thumbnail/5d4ff5af-a57f-4478-b83a-5f33ecaf5b53/1-1	200	0.014039
663	GET	http://localhost/thumbnail/5d4ff5af-a57f-4478-b83a-5f33ecaf5b53/1-3	200	0.012928
664	GET	http://localhost/thumbnail/5d4ff5af-a57f-4478-b83a-5f33ecaf5b53/8-2	200	0.015227
665	GET	http://localhost/thumbnail/5d4ff5af-a57f-4478-b83a-5f33ecaf5b53/4-1	200	0.012890
666	GET	http://localhost/thumbnail/5d4ff5af-a57f-4478-b83a-5f33ecaf5b53/8-1	200	0.013498
667	GET	http://localhost/thumbnail/5d4ff5af-a57f-4478-b83a-5f33ecaf5b53/7-0	200	0.013565
668	GET	http://localhost/thumbnail/5d4ff5af-a57f-4478-b83a-5f33ecaf5b53/9-0	200	0.013465
669	GET	http://localhost/thumbnail/5d4ff5af-a57f-4478-b83a-5f33ecaf5b53/2-0	200	0.013629
670	GET	http://localhost/thumbnail/5d4ff5af-a57f-4478-b83a-5f33ecaf5b53/1-2	200	0.013297
671	GET	http://localhost/thumbnail/5d4ff5af-a57f-4478-b83a-5f33ecaf5b53/4-0.jpeg	200	0.013666
672	GET	http://localhost/thumbnail/5d4ff5af-a57f-4478-b83a-5f33ecaf5b53/5-0	200	0.012960
673	GET	http://localhost/thumbnail/5d4ff5af-a57f-4478-b83a-5f33ecaf5b53/8-0	200	0.014310
674	GET	http://localhost/thumbnail/5d4ff5af-a57f-4478-b83a-5f33ecaf5b53/1-0	200	0.013735
675	GET	http://localhost/thumbnail/5d4ff5af-a57f-4478-b83a-5f33ecaf5b53/3-0	200	0.013141
676	GET	http://localhost/thumbnail/5d4ff5af-a57f-4478-b83a-5f33ecaf5b53/7-1	200	0.017282
677	GET	http://localhost/thumbnail/5d4ff5af-a57f-4478-b83a-5f33ecaf5b53/8-3	200	0.016451
678	GET	http://localhost/thumbnail/5d4ff5af-a57f-4478-b83a-5f33ecaf5b53/7-2	200	0.013422
679	GET	http://localhost/	200	0.084200
680	GET	http://localhost/author/afb5dc05-dabf-44d0-9b7b-7dfc214ae84b	404	0.021770
681	GET	http://localhost/paper/223cc55a-2991-415e-ab39-a7304a0cddae	404	0.041245
682	GET	http://localhost/paper/223cc55a-2991-415e-ab39-a7304a0cddae	404	0.044566
683	HEAD	http://localhost/	405	0.022230
684	GET	http://localhost/	200	0.086906
685	HEAD	http://localhost/	405	0.003482
686	GET	http://localhost/paper/f2e4069a-2460-4ff7-8301-3b3860a77300/download	404	0.013596
687	POST	http://localhost/vendor/phpunit/phpunit/src/Util/PHP/eval-stdin.php	404	0.003563
688	GET	http://localhost/favicon.ico	404	0.004005
689	GET	http://localhost/paper/f2e4069a-2460-4ff7-8301-3b3860a77300	404	0.029634
690	GET	http://localhost/thumbnail/f2e4069a-2460-4ff7-8301-3b3860a77300/2-0	200	0.013391
691	GET	http://localhost/thumbnail/f2e4069a-2460-4ff7-8301-3b3860a77300/6-3	200	0.013100
692	GET	http://localhost/thumbnail/f2e4069a-2460-4ff7-8301-3b3860a77300/3-3	200	0.013286
693	GET	http://localhost/thumbnail/f2e4069a-2460-4ff7-8301-3b3860a77300/3-0	200	0.013328
694	GET	http://localhost/thumbnail/f2e4069a-2460-4ff7-8301-3b3860a77300/5-1	200	0.016959
695	GET	http://localhost/thumbnail/f2e4069a-2460-4ff7-8301-3b3860a77300/6-2	200	0.013515
696	GET	http://localhost/thumbnail/f2e4069a-2460-4ff7-8301-3b3860a77300/3-1	200	0.013402
697	GET	http://localhost/thumbnail/f2e4069a-2460-4ff7-8301-3b3860a77300/3-2	200	0.013249
698	GET	http://localhost/thumbnail/f2e4069a-2460-4ff7-8301-3b3860a77300/4-0	200	0.012983
699	GET	http://localhost/thumbnail/f2e4069a-2460-4ff7-8301-3b3860a77300/5-2	200	0.014433
700	GET	http://localhost/thumbnail/f2e4069a-2460-4ff7-8301-3b3860a77300/6-1	200	0.035249
701	GET	http://localhost/thumbnail/f2e4069a-2460-4ff7-8301-3b3860a77300/0-0	200	0.014131
702	GET	http://localhost/thumbnail/f2e4069a-2460-4ff7-8301-3b3860a77300/6-4	200	0.013993
703	GET	http://localhost/thumbnail/f2e4069a-2460-4ff7-8301-3b3860a77300/4-2	200	0.016223
704	GET	http://localhost/thumbnail/f2e4069a-2460-4ff7-8301-3b3860a77300/1-1	200	0.012719
705	GET	http://localhost/thumbnail/f2e4069a-2460-4ff7-8301-3b3860a77300/1-0	200	0.014996
706	GET	http://localhost/thumbnail/f2e4069a-2460-4ff7-8301-3b3860a77300/5-0	200	0.013139
707	GET	http://localhost/thumbnail/f2e4069a-2460-4ff7-8301-3b3860a77300/4-1	200	0.013601
708	GET	http://localhost/thumbnail/f2e4069a-2460-4ff7-8301-3b3860a77300/6-0	200	0.015379
709	GET	http://localhost/thumbnail/f2e4069a-2460-4ff7-8301-3b3860a77300/7-0	200	0.013931
710	GET	http://localhost/thumbnail/f2e4069a-2460-4ff7-8301-3b3860a77300/2-1	200	0.014501
711	GET	http://localhost/thumbnail/f2e4069a-2460-4ff7-8301-3b3860a77300/2-2	200	0.013749
712	GET	http://localhost/	200	0.095924
713	HEAD	http://localhost/	405	0.005936
714	GET	http://localhost/	200	0.095968
715	HEAD	http://localhost/	405	0.003296
716	GET	http://localhost/	200	0.093263
717	HEAD	http://localhost/	405	0.003928
718	GET	http://localhost/	200	0.113528
719	GET	http://localhost/thumbnail/acd9cb7f-5159-4e65-81a8-d8af6991a1d7/7-0	200	0.015697
720	GET	http://localhost/	200	0.081652
721	HEAD	http://localhost/	405	0.003274
722	GET	http://localhost/	200	0.083413
723	HEAD	http://localhost/	405	0.005719
724	GET	http://localhost/	200	0.088694
725	HEAD	http://localhost/	405	0.003365
726	GET	http://localhost/thumbnail/32bc4931-28e5-4c9d-b430-d9a8375c6661/1-2	200	0.013756
727	GET	http://localhost/	200	0.088317
728	HEAD	http://localhost/	405	0.003516
729	GET	http://localhost/	200	0.087798
730	GET	http://localhost/thumbnail/138d7fde-5918-44aa-9c42-40596e174aac/1-0	200	0.013015
731	GET	http://localhost/thumbnail/138d7fde-5918-44aa-9c42-40596e174aac/4-0	200	0.013822
732	GET	http://localhost/thumbnail/138d7fde-5918-44aa-9c42-40596e174aac/3-0	200	0.014274
733	GET	http://localhost/thumbnail/138d7fde-5918-44aa-9c42-40596e174aac/4-2	200	0.039030
734	GET	http://localhost/paper/138d7fde-5918-44aa-9c42-40596e174aac	404	0.023725
735	GET	http://localhost/thumbnail/138d7fde-5918-44aa-9c42-40596e174aac/2-1	200	0.018295
736	GET	http://localhost/thumbnail/138d7fde-5918-44aa-9c42-40596e174aac/4-1	200	0.013813
737	GET	http://localhost/thumbnail/138d7fde-5918-44aa-9c42-40596e174aac/5-0	200	0.014468
738	GET	http://localhost/thumbnail/138d7fde-5918-44aa-9c42-40596e174aac/2-0	200	0.014969
739	GET	http://localhost/thumbnail/138d7fde-5918-44aa-9c42-40596e174aac/3-1	200	0.013678
740	GET	http://localhost/	200	0.084924
741	GET	http://localhost/	200	0.120587
742	HEAD	http://localhost/	405	0.003676
743	GET	http://localhost/	200	0.089636
744	GET	http://localhost/	200	0.088132
745	HEAD	http://localhost/	405	0.003514
746	GET	http://localhost/paper/f48f7954-b721-4cf2-b1d7-4c712ddeb4d8/download	404	0.014031
747	GET	http://localhost/robots.txt	404	0.004238
748	GET	http://localhost/	200	0.106834
749	HEAD	http://localhost/	405	0.004851
750	GET	http://localhost/thumbnail/936b175a-bd52-42a0-8f15-e9cb2845dea5/6-0	200	0.014622
751	GET	http://localhost/	200	0.094532
752	HEAD	http://localhost/	405	0.003502
753	GET	http://localhost/	200	0.099394
754	HEAD	http://localhost/	405	0.003873
755	GET	http://localhost/favicon.ico	404	0.017447
756	GET	http://localhost/thumbnail/e3ccbe40-9d40-469b-a30e-0b9e41dbdf9d/4-1	200	0.013410
757	GET	http://localhost/thumbnail/e3ccbe40-9d40-469b-a30e-0b9e41dbdf9d/3-0	200	0.015197
758	GET	http://localhost/thumbnail/e3ccbe40-9d40-469b-a30e-0b9e41dbdf9d/4-0	200	0.013654
759	GET	http://localhost/thumbnail/e3ccbe40-9d40-469b-a30e-0b9e41dbdf9d/5-0	200	0.012725
760	GET	http://localhost/thumbnail/e3ccbe40-9d40-469b-a30e-0b9e41dbdf9d/2-2	200	0.015068
761	GET	http://localhost/thumbnail/e3ccbe40-9d40-469b-a30e-0b9e41dbdf9d/2-0	200	0.013334
762	GET	http://localhost/thumbnail/e3ccbe40-9d40-469b-a30e-0b9e41dbdf9d/4-2	200	0.013114
763	GET	http://localhost/thumbnail/e3ccbe40-9d40-469b-a30e-0b9e41dbdf9d/1-0	200	0.016422
764	GET	http://localhost/thumbnail/e3ccbe40-9d40-469b-a30e-0b9e41dbdf9d/2-1	200	0.014533
765	GET	http://localhost/thumbnail/e3ccbe40-9d40-469b-a30e-0b9e41dbdf9d/3-1	200	0.013215
766	GET	http://localhost/thumbnail/e3ccbe40-9d40-469b-a30e-0b9e41dbdf9d/5-1	200	0.013551
767	GET	http://localhost/paper/e3ccbe40-9d40-469b-a30e-0b9e41dbdf9d	404	0.028704
768	GET	http://localhost/	200	0.092169
769	HEAD	http://localhost/	405	0.003688
770	GET	http://localhost/thumbnail/76a10806-00b9-4f80-a996-2437c2cb904b/2-0	200	0.014086
771	GET	http://localhost/	200	0.094177
772	HEAD	http://localhost/	405	0.003390
773	GET	http://localhost/	200	0.098974
774	HEAD	http://localhost/	405	0.003302
775	GET	http://localhost/	200	0.099401
776	HEAD	http://localhost/	405	0.004826
777	GET	http://localhost/thumbnail/577bf9a5-16b5-4637-af97-2322aa3f247c/7-0	200	0.013074
778	GET	http://localhost/	200	0.088377
779	HEAD	http://localhost/	405	0.003407
780	GET	http://localhost/	200	0.092927
781	HEAD	http://localhost/	405	0.003422
782	GET	http://localhost/	200	0.094645
783	HEAD	http://localhost/	405	0.003171
784	GET	http://localhost/thumbnail/7513c300-077b-499d-94da-a3a127188a20/6-2	200	0.012852
785	GET	http://localhost/robots.txt	404	0.003608
786	GET	http://localhost/	200	0.115190
787	HEAD	http://localhost/	405	0.003714
788	GET	http://localhost/	200	0.085194
789	HEAD	http://localhost/	405	0.003405
790	GET	http://localhost/	200	0.093414
791	GET	http://localhost/thumbnail/35d6c378-b7bc-4b5c-a38f-111832cd3e28/1-0	200	0.013152
792	HEAD	http://localhost/	405	0.003407
793	GET	http://localhost/	200	0.093614
794	HEAD	http://localhost/	405	0.003574
795	GET	http://localhost/sitemap.txt	404	0.003729
796	GET	http://localhost/sitemap	404	0.003809
797	GET	http://localhost/robots.txt	404	0.003751
798	GET	http://localhost/	200	0.091845
799	HEAD	http://localhost/	405	0.003357
800	GET	http://localhost/	200	0.091923
801	HEAD	http://localhost/	405	0.004917
802	GET	http://localhost/	200	0.084731
803	HEAD	http://localhost/	405	0.003574
804	GET	http://localhost/	200	0.096496
805	HEAD	http://localhost/	405	0.003549
806	GET	http://localhost/thumbnail/e530d465-d55b-4651-8cba-78f1afcc61b0/3-0	200	0.014081
807	GET	http://localhost/	200	0.089252
808	HEAD	http://localhost/	405	0.003730
809	GET	http://localhost/	200	0.092981
810	HEAD	http://localhost/	405	0.003660
811	GET	http://localhost/thumbnail/f7c9d360-dd73-4a0c-933b-bc712d4c8343/1-0	200	0.013062
812	GET	http://localhost/	200	0.089645
813	HEAD	http://localhost/	405	0.003625
814	GET	http://localhost/	200	0.086117
815	GET	http://localhost/	200	0.090621
816	HEAD	http://localhost/	405	0.003382
817	GET	http://localhost/actuator/health	404	0.003576
818	GET	http://localhost/thumbnail/7bb29c22-1be1-4b6a-bee0-fae335754600/0-0	200	0.015095
819	GET	http://localhost/	200	0.141835
820	HEAD	http://localhost/	405	0.003601
821	GET	http://localhost/	200	0.092875
822	HEAD	http://localhost/	405	0.003629
823	GET	http://localhost/thumbnail/4d0a1a3a-0faf-4099-8d65-76850040d258/2-0	200	0.013589
824	GET	http://localhost/	200	0.091482
825	HEAD	http://localhost/	405	0.003680
826	GET	http://localhost/thumbnail/32bc4931-28e5-4c9d-b430-d9a8375c6661/3-2	200	0.015831
827	GET	http://localhost/	200	0.092801
828	HEAD	http://localhost/	405	0.003515
829	GET	http://localhost/	200	0.098537
830	GET	http://localhost/	200	0.094927
831	HEAD	http://localhost/	405	0.003467
832	GET	http://localhost/thumbnail/acd9cb7f-5159-4e65-81a8-d8af6991a1d7/11-0	200	0.013802
833	GET	http://localhost/	200	0.106868
834	HEAD	http://localhost/	405	0.003537
835	GET	http://localhost/	200	0.096825
836	GET	http://localhost/	200	0.092253
837	HEAD	http://localhost/	405	0.004573
838	GET	http://localhost/	200	0.087443
839	HEAD	http://localhost/	405	0.003765
840	GET	http://localhost/	200	0.081007
841	HEAD	http://localhost/	405	0.003408
842	POST	http://localhost/	405	0.005131
843	GET	http://localhost/.env	404	0.003558
844	GET	http://localhost/	200	0.086857
845	HEAD	http://localhost/	405	0.003259
846	GET	http://localhost/	200	0.098182
847	HEAD	http://localhost/	405	0.014202
848	GET	http://localhost/	200	0.082791
849	HEAD	http://localhost/	405	0.003618
850	GET	http://localhost/paper/b9474cb5-52c5-4b51-a551-3a7882ed6f91/download	404	0.014668
851	GET	http://localhost/favicon.ico	404	0.003941
852	GET	http://localhost/thumbnail/b9474cb5-52c5-4b51-a551-3a7882ed6f91/1-0.jpeg	200	0.013172
853	GET	http://localhost/thumbnail/b9474cb5-52c5-4b51-a551-3a7882ed6f91/5-0	200	0.013832
854	GET	http://localhost/thumbnail/b9474cb5-52c5-4b51-a551-3a7882ed6f91/5-1	200	0.012875
855	GET	http://localhost/thumbnail/b9474cb5-52c5-4b51-a551-3a7882ed6f91/6-0	200	0.013243
856	GET	http://localhost/favicon.ico	404	0.003408
857	GET	http://localhost/paper/b9474cb5-52c5-4b51-a551-3a7882ed6f91	404	0.027057
858	GET	http://localhost/thumbnail/b9474cb5-52c5-4b51-a551-3a7882ed6f91/3-1	200	0.017677
859	GET	http://localhost/thumbnail/b9474cb5-52c5-4b51-a551-3a7882ed6f91/2-0	200	0.015222
860	GET	http://localhost/thumbnail/b9474cb5-52c5-4b51-a551-3a7882ed6f91/4-0	200	0.012818
861	GET	http://localhost/thumbnail/b9474cb5-52c5-4b51-a551-3a7882ed6f91/6-1	200	0.013173
862	GET	http://localhost/thumbnail/b9474cb5-52c5-4b51-a551-3a7882ed6f91/1-2	200	0.013311
863	GET	http://localhost/thumbnail/b9474cb5-52c5-4b51-a551-3a7882ed6f91/3-0	200	0.016340
864	GET	http://localhost/thumbnail/b9474cb5-52c5-4b51-a551-3a7882ed6f91/1-1.jpeg	200	0.013489
865	GET	http://localhost/thumbnail/b9474cb5-52c5-4b51-a551-3a7882ed6f91/5-2	200	0.013354
866	GET	http://localhost/	200	0.086518
867	HEAD	http://localhost/	405	0.003561
868	GET	http://localhost/	200	0.089147
869	HEAD	http://localhost/	405	0.003938
870	GET	http://localhost/	200	0.105083
871	HEAD	http://localhost/	405	0.005308
872	GET	http://localhost/	200	0.094244
873	HEAD	http://localhost/	405	0.003409
874	GET	http://localhost/	200	0.088933
875	HEAD	http://localhost/	405	0.003303
876	GET	http://localhost/	200	0.089602
877	HEAD	http://localhost/	405	0.028377
878	GET	http://localhost/owa/auth/x.js	404	0.003573
879	GET	http://localhost/	200	0.091023
880	HEAD	http://localhost/	405	0.003244
881	GET	http://localhost/owa/auth/logon.aspx	404	0.003515
882	GET	http://localhost/	200	0.097611
883	HEAD	http://localhost/	405	0.003547
884	GET	http://localhost/ecp/Current/exporttool/microsoft.exchange.ediscovery.exporttool.application	404	0.004226
885	GET	http://localhost/	200	0.104417
886	HEAD	http://localhost/	405	0.003374
887	GET	http://localhost/	200	0.094264
888	HEAD	http://localhost/	405	0.005200
889	GET	http://localhost/	200	0.094711
890	HEAD	http://localhost/	405	0.003630
891	GET	http://localhost/	200	0.098396
892	HEAD	http://localhost/	405	0.004192
893	GET	http://localhost/	200	0.092798
894	GET	http://localhost/	200	0.096464
895	HEAD	http://localhost/	405	0.003369
896	GET	http://localhost/	200	0.096827
897	HEAD	http://localhost/	405	0.003315
898	GET	http://localhost/	200	0.093375
899	HEAD	http://localhost/	405	0.005463
900	GET	http://localhost/	200	0.097525
901	HEAD	http://localhost/	405	0.003628
902	GET	http://localhost/	200	0.094327
903	GET	http://localhost/	200	0.103068
904	HEAD	http://localhost/	405	0.003305
905	GET	http://localhost/	200	0.080464
906	HEAD	http://localhost/	405	0.003406
907	GET	http://localhost/	200	0.090907
908	HEAD	http://localhost/	405	0.003371
909	GET	http://localhost/	200	0.092518
910	HEAD	http://localhost/	405	0.003930
911	GET	http://localhost/	200	0.081474
912	GET	http://localhost/favicon.ico	404	0.003483
913	GET	http://localhost/thumbnail/b9474cb5-52c5-4b51-a551-3a7882ed6f91/1-1.jpeg	200	0.013485
914	GET	http://localhost/thumbnail/b9474cb5-52c5-4b51-a551-3a7882ed6f91/3-0	200	0.020030
915	GET	http://localhost/thumbnail/b9474cb5-52c5-4b51-a551-3a7882ed6f91/6-1	200	0.016569
916	GET	http://localhost/thumbnail/b9474cb5-52c5-4b51-a551-3a7882ed6f91/5-1	200	0.013604
917	GET	http://localhost/thumbnail/b9474cb5-52c5-4b51-a551-3a7882ed6f91/1-0.jpeg	200	0.013969
918	GET	http://localhost/thumbnail/b9474cb5-52c5-4b51-a551-3a7882ed6f91/2-0	200	0.013527
919	GET	http://localhost/thumbnail/b9474cb5-52c5-4b51-a551-3a7882ed6f91/1-2	200	0.014059
920	GET	http://localhost/thumbnail/b9474cb5-52c5-4b51-a551-3a7882ed6f91/3-1	200	0.013168
921	GET	http://localhost/thumbnail/b9474cb5-52c5-4b51-a551-3a7882ed6f91/5-2	200	0.014841
922	GET	http://localhost/paper/b9474cb5-52c5-4b51-a551-3a7882ed6f91	404	0.050062
923	GET	http://localhost/thumbnail/b9474cb5-52c5-4b51-a551-3a7882ed6f91/5-0	200	0.015193
924	GET	http://localhost/thumbnail/b9474cb5-52c5-4b51-a551-3a7882ed6f91/4-0	200	0.013166
925	GET	http://localhost/thumbnail/b9474cb5-52c5-4b51-a551-3a7882ed6f91/6-0	200	0.013651
926	HEAD	http://localhost/	405	0.003305
927	GET	http://localhost/	200	0.092611
928	HEAD	http://localhost/	405	0.003954
929	GET	http://localhost/	200	0.091674
930	HEAD	http://localhost/	405	0.003583
931	GET	http://localhost/	200	0.092283
932	HEAD	http://localhost/	405	0.022149
933	GET	http://localhost/	200	0.089137
934	HEAD	http://localhost/	405	0.003904
935	GET	http://localhost/	200	0.089257
936	HEAD	http://localhost/	405	0.003425
937	GET	http://localhost/	200	0.090779
938	HEAD	http://localhost/	405	0.003789
939	GET	http://localhost/	200	0.082840
940	HEAD	http://localhost/	405	0.003578
941	GET	http://localhost/	200	0.091608
942	HEAD	http://localhost/	405	0.003385
943	GET	http://localhost/	200	0.090386
944	HEAD	http://localhost/	405	0.005599
945	GET	http://localhost/	200	0.102087
946	HEAD	http://localhost/	405	0.004186
947	GET	http://localhost/paper/f3221f5e-43ef-4a49-a407-c96d39c984c4	404	0.024489
948	GET	http://localhost/	200	0.087338
949	HEAD	http://localhost/	405	0.003758
950	GET	http://localhost/favicon.ico	404	0.003646
951	GET	http://localhost/paper/03f35f2a-e5ad-4259-9177-702936751ab5	404	0.023862
952	GET	http://localhost/	200	0.102842
953	HEAD	http://localhost/	405	0.003288
954	GET	http://localhost/paper/e7c74249-68bd-425c-bbc2-5855a7fee615/download	404	0.014493
955	GET	http://localhost/	200	0.088093
956	HEAD	http://localhost/	405	0.018200
957	GET	http://localhost/	200	0.091369
958	HEAD	http://localhost/	405	0.003469
959	GET	http://localhost/	200	0.086070
960	GET	http://localhost/	200	0.088722
961	HEAD	http://localhost/	405	0.003326
962	GET	http://localhost/	200	0.106439
963	HEAD	http://localhost/	405	0.003451
964	GET	http://localhost/	200	0.089015
965	HEAD	http://localhost/	405	0.003395
966	GET	http://localhost/	200	0.092659
967	HEAD	http://localhost/	405	0.003366
968	GET	http://localhost/	200	0.084042
969	HEAD	http://localhost/	405	0.003475
970	GET	http://localhost/paper/7a865a8b-161d-405e-af8a-046e0d7708d3	404	0.029835
971	GET	http://localhost/robots.txt	404	0.003659
972	GET	http://localhost/	200	0.086486
973	HEAD	http://localhost/	405	0.003387
974	GET	http://localhost/	200	0.097124
975	HEAD	http://localhost/	405	0.004652
976	GET	http://localhost/	200	0.090088
977	HEAD	http://localhost/	405	0.003378
978	GET	http://localhost/	200	0.127790
979	HEAD	http://localhost/	405	0.005262
980	GET	http://localhost/	200	0.079557
981	HEAD	http://localhost/	405	0.003376
982	GET	http://localhost/	200	0.092855
983	HEAD	http://localhost/	405	0.005215
984	GET	http://localhost/remote/fgt_lang?lang=/../../../..//////////dev/	404	0.003425
985	GET	http://localhost/	200	0.091259
986	HEAD	http://localhost/	405	0.003351
987	GET	http://localhost/owa/auth/logon.aspx?url=https%3a%2f%2f1%2fecp%2f	404	0.003383
988	GET	http://localhost/paper/d0d0a2d8-41f3-4359-a7b7-5ac8a86d23d4/download	404	0.016758
989	GET	http://localhost/	200	0.091367
990	HEAD	http://localhost/	405	0.003469
991	GET	http://localhost/	200	0.086127
992	HEAD	http://localhost/	405	0.003578
993	GET	http://localhost/	200	0.112093
994	HEAD	http://localhost/	405	0.003615
995	GET	http://localhost/	200	0.109038
996	HEAD	http://localhost/	405	0.003918
997	GET	http://localhost/	200	0.104867
998	HEAD	http://localhost/	405	0.007427
999	GET	http://localhost/	200	0.085340
1000	HEAD	http://localhost/	405	0.003592
1001	GET	http://localhost/paper/1482d4a9-0a3a-424e-85c8-f6449ea5ab70	404	0.021797
1002	GET	http://localhost/	200	0.090325
1003	HEAD	http://localhost/	405	0.003363
1004	GET	http://localhost/	200	0.085177
1005	HEAD	http://localhost/	405	0.003461
1006	GET	http://localhost/	200	0.108710
1007	HEAD	http://localhost/	405	0.003518
1008	GET	http://localhost/	200	0.092607
1009	HEAD	http://localhost/	405	0.003358
1010	GET	http://localhost/	200	0.083745
1011	HEAD	http://localhost/	405	0.003538
1012	GET	http://localhost/	200	0.104319
1013	HEAD	http://localhost/	405	0.004578
1014	GET	http://localhost/	200	0.081652
1015	HEAD	http://localhost/	405	0.003453
1016	GET	http://localhost/	200	0.082931
1017	HEAD	http://localhost/	405	0.003405
1018	GET	http://localhost/	200	0.079239
1019	HEAD	http://localhost/	405	0.003453
1020	GET	http://localhost/	200	0.079851
1021	HEAD	http://localhost/	405	0.004739
1022	GET	http://localhost/	200	0.109249
1023	HEAD	http://localhost/	405	0.006059
1024	GET	http://localhost/	200	0.102803
1025	HEAD	http://localhost/	405	0.004127
1026	GET	http://localhost/	200	0.085422
1027	HEAD	http://localhost/	405	0.003556
1028	GET	http://localhost/	200	0.104883
1029	GET	http://localhost/	200	0.077705
1030	HEAD	http://localhost/	405	0.003453
1031	GET	http://localhost/	200	0.081032
1032	HEAD	http://localhost/	405	0.004991
1033	GET	http://localhost/	200	0.076394
1034	HEAD	http://localhost/	405	0.003462
1035	GET	http://localhost/	200	0.097754
1036	HEAD	http://localhost/	405	0.008693
1037	GET	http://localhost/	200	0.084089
1038	HEAD	http://localhost/	405	0.004835
1039	GET	http://localhost/	200	0.079292
1040	HEAD	http://localhost/	405	0.003431
1041	GET	http://localhost/paper/d9ed1662-f023-4982-9de0-76059604ce37	404	0.025510
1042	GET	http://localhost/	200	0.084027
1043	HEAD	http://localhost/	405	0.003999
1044	GET	http://localhost/	200	0.076610
1045	HEAD	http://localhost/	405	0.003599
1046	GET	http://localhost/solr/	404	0.003528
1047	GET	http://localhost/	200	0.085243
1048	HEAD	http://localhost/	405	0.003971
1049	GET	http://localhost/	200	0.086375
1050	HEAD	http://localhost/	405	0.003459
1051	GET	http://localhost/paper/1482d4a9-0a3a-424e-85c8-f6449ea5ab70	404	0.020442
1052	GET	http://localhost/	200	0.132229
1053	HEAD	http://localhost/	405	0.006794
1054	GET	http://localhost/	200	0.110693
1055	GET	http://localhost/	200	0.094929
1056	HEAD	http://localhost/	405	0.003856
1057	GET	http://localhost/	200	0.094071
1058	HEAD	http://localhost/	405	0.003315
1059	GET	http://localhost/paper/aee8e447-f2cb-4509-904b-488c74bc97dd/download	404	0.017286
1060	GET	http://localhost/paper/aee8e447-f2cb-4509-904b-488c74bc97dd/download	404	0.017434
1061	GET	http://localhost/	200	0.098780
1062	HEAD	http://localhost/	405	0.004436
1063	GET	http://localhost/	200	0.091680
1064	HEAD	http://localhost/	405	0.003813
1065	GET	http://localhost/	200	0.105499
1066	HEAD	http://localhost/	405	0.004055
1067	GET	http://localhost/	200	0.100783
1068	HEAD	http://localhost/	405	0.003307
1069	GET	http://localhost/	200	0.102488
1070	HEAD	http://localhost/	405	0.003657
1071	GET	http://localhost/	200	0.076065
1072	HEAD	http://localhost/	405	0.003674
1073	GET	http://localhost/	200	0.083426
1074	HEAD	http://localhost/	405	0.004054
1075	GET	http://localhost/	200	0.087479
1076	HEAD	http://localhost/	405	0.003497
1077	GET	http://localhost/	200	0.089615
1078	HEAD	http://localhost/	405	0.003766
1079	GET	http://localhost/thumbnail/a6de3083-e370-4b63-8564-9f6035deca3d/4-1	200	0.013962
1080	GET	http://localhost/thumbnail/a6de3083-e370-4b63-8564-9f6035deca3d/3-0	200	0.014080
1081	GET	http://localhost/thumbnail/a6de3083-e370-4b63-8564-9f6035deca3d/4-2	200	0.013902
1082	GET	http://localhost/thumbnail/a6de3083-e370-4b63-8564-9f6035deca3d/4-0	200	0.014747
1083	GET	http://localhost/paper/a6de3083-e370-4b63-8564-9f6035deca3d	404	0.021438
1084	GET	http://localhost/	200	0.109375
1085	HEAD	http://localhost/	405	0.003536
1086	GET	http://localhost/	200	0.124818
1087	GET	http://localhost/	200	0.092002
1088	HEAD	http://localhost/	405	0.003446
1089	GET	http://localhost/	200	0.106347
1090	HEAD	http://localhost/	405	0.003213
1091	GET	http://localhost/	200	0.091977
1092	HEAD	http://localhost/	405	0.003421
1093	GET	http://localhost/	200	0.104400
1094	HEAD	http://localhost/	405	0.003280
1095	GET	http://localhost/	200	0.105104
1096	HEAD	http://localhost/	405	0.003451
1097	GET	http://localhost/	200	0.082115
1098	HEAD	http://localhost/	405	0.003319
1099	GET	http://localhost/	200	0.085173
1100	HEAD	http://localhost/	405	0.012780
1101	GET	http://localhost/	200	0.098420
1102	GET	http://localhost/	200	0.089309
1103	HEAD	http://localhost/	405	0.003245
1104	GET	http://localhost/	200	0.098390
1105	HEAD	http://localhost/	405	0.003326
1106	GET	http://localhost/iXJQ	404	0.003679
1107	GET	http://localhost/	200	0.081615
1108	HEAD	http://localhost/	405	0.004730
1109	GET	http://localhost/	200	0.092382
1110	HEAD	http://localhost/	405	0.003644
1111	GET	http://localhost/	200	0.096621
1112	HEAD	http://localhost/	405	0.003369
1113	GET	http://localhost/	200	0.099414
1114	GET	http://localhost/	200	0.087889
1115	HEAD	http://localhost/	405	0.003538
1116	GET	http://localhost/	200	0.095032
1117	HEAD	http://localhost/	405	0.003416
1118	GET	http://localhost/	200	0.089646
1119	GET	http://localhost/	200	0.108229
1120	HEAD	http://localhost/	405	0.003793
1121	GET	http://localhost/	200	0.124247
1122	GET	http://localhost/	200	0.108442
1123	HEAD	http://localhost/	405	0.003460
1124	GET	http://localhost/	200	0.104799
1125	HEAD	http://localhost/	405	0.003404
1126	GET	http://localhost/	200	0.083096
1127	HEAD	http://localhost/	405	0.003501
1128	GET	http://localhost/	200	0.078511
1129	HEAD	http://localhost/	405	0.003533
1130	GET	http://localhost/	200	0.083439
1131	HEAD	http://localhost/	405	0.003464
1132	GET	http://localhost/	200	0.076099
1133	HEAD	http://localhost/	405	0.003492
1134	GET	http://localhost/paper/afcf920c-9bc6-47b1-9c0e-aaea4a32d6ff/download	404	0.015375
1135	GET	http://localhost/	200	0.089371
1136	HEAD	http://localhost/	405	0.007857
1137	GET	http://localhost/	200	0.094227
1138	HEAD	http://localhost/	405	0.003396
1139	GET	http://localhost/	200	0.076813
1140	GET	http://localhost/thumbnail/db188986-8281-4fac-b005-19f183d0627e/5-1	200	0.020000
1141	GET	http://localhost/robots.txt	404	0.012323
1142	GET	http://localhost/	200	0.085191
1143	HEAD	http://localhost/	405	0.003740
1144	GET	http://localhost/paper/c6b1cbfe-6740-4621-8380-67a59c8ab3a9/download	404	0.015779
1145	GET	http://localhost/robots.txt	404	0.003840
1146	GET	http://localhost/	200	0.078342
1147	HEAD	http://localhost/	405	0.003524
1148	GET	http://localhost/	200	0.072736
1149	HEAD	http://localhost/	405	0.003620
1150	GET	http://localhost/	200	0.100712
1151	HEAD	http://localhost/	405	0.003489
1152	GET	http://localhost/	200	0.079873
1153	HEAD	http://localhost/	405	0.003711
1154	GET	http://localhost/	200	0.075619
1155	GET	http://localhost/	200	0.076579
1156	HEAD	http://localhost/	405	0.003569
1157	GET	http://localhost/	200	0.087978
1158	HEAD	http://localhost/	405	0.003457
1159	GET	http://localhost/	200	0.085299
1160	HEAD	http://localhost/	405	0.003594
1161	GET	http://localhost/	200	0.078973
1162	HEAD	http://localhost/	405	0.003382
1163	GET	http://localhost/	200	0.082574
1164	HEAD	http://localhost/	405	0.003620
1165	GET	http://localhost/	200	0.074254
1166	HEAD	http://localhost/	405	0.003599
1167	GET	http://localhost/	200	0.169985
1168	HEAD	http://localhost/	405	0.004364
1169	GET	http://localhost/	200	0.084297
1170	HEAD	http://localhost/	405	0.003652
1171	GET	http://localhost/	200	0.130119
1172	HEAD	http://localhost/	405	0.003539
1173	GET	http://localhost/	200	0.087665
1174	GET	http://localhost/	200	0.094838
1175	GET	http://localhost/	200	0.101270
1176	HEAD	http://localhost/	405	0.003401
1177	GET	http://localhost/	200	0.085868
1178	HEAD	http://localhost/	405	0.003328
1179	GET	http://localhost/	200	0.099080
1180	HEAD	http://localhost/	405	0.003656
1181	GET	http://localhost/	200	0.096022
1182	HEAD	http://localhost/	405	0.003538
1183	GET	http://localhost/	200	0.083082
1184	HEAD	http://localhost/	405	0.003805
1185	GET	http://localhost/	200	0.079750
1186	HEAD	http://localhost/	405	0.003630
1187	GET	http://localhost/	200	0.084060
1188	HEAD	http://localhost/	405	0.003372
1189	GET	http://localhost/	200	0.088380
1190	HEAD	http://localhost/	405	0.003303
1191	GET	http://localhost/	200	0.077137
1192	GET	http://localhost/	200	0.122627
1193	HEAD	http://localhost/	405	0.008770
1194	GET	http://localhost/	200	0.094667
1195	HEAD	http://localhost/	405	0.003696
1196	GET	http://localhost/	200	0.079302
1197	HEAD	http://localhost/	405	0.003471
1198	GET	http://localhost/	200	0.107721
1199	HEAD	http://localhost/	405	0.003487
1200	GET	http://localhost/	200	0.098071
1201	HEAD	http://localhost/	405	0.003545
1202	GET	http://localhost/_ignition/execute-solution	404	0.003701
1203	GET	http://localhost/	200	0.104326
1204	HEAD	http://localhost/	405	0.003446
1205	GET	http://localhost/	200	0.098889
1206	HEAD	http://localhost/	405	0.003392
1207	GET	http://localhost/	200	0.104672
1208	HEAD	http://localhost/	405	0.003867
1209	GET	http://localhost/	200	0.092465
1210	HEAD	http://localhost/	405	0.004369
1211	GET	http://localhost/	200	0.098520
1212	GET	http://localhost/	200	0.085765
1213	HEAD	http://localhost/	405	0.003332
1214	GET	http://localhost/	200	0.090485
1215	HEAD	http://localhost/	405	0.003827
1216	GET	http://localhost/	200	0.103397
1217	HEAD	http://localhost/	405	0.003873
1218	GET	http://localhost/	200	0.104469
1219	HEAD	http://localhost/	